<?xml version="1.0" encoding="UTF-8"?>
<!-- Generated by org.testng.reporters.JUnitXMLReporter -->
<testsuite hostname="DESKTOP-QNHJ5Q7" ignored="0" name="Test" tests="4" failures="0" timestamp="20 Oct 2023 05:05:22 GMT" time="0.187" errors="0">
  <testcase name="@BeforeTest launchApp" time="0.0" classname="ddtExample.BaseTest">
    <failure type="java.lang.NoClassDefFoundError" message="com/google/common/io/ByteStreams">
      <![CDATA[java.lang.NoClassDefFoundError: com/google/common/io/ByteStreams
	at org.openqa.selenium.remote.service.DriverService$Builder.parseLogOutput(DriverService.java:472)
	at org.openqa.selenium.chrome.ChromeDriverService$Builder.loadSystemProperties(ChromeDriverService.java:257)
	at org.openqa.selenium.remote.service.DriverService$Builder.build(DriverService.java:495)
	at org.openqa.selenium.chrome.ChromeDriverService.createDefaultService(ChromeDriverService.java:137)
	at org.openqa.selenium.chrome.ChromeDriver.<init>(ChromeDriver.java:51)
	at ddtExample.BaseTest.launchApp(BaseTest.java:32)
Caused by: java.lang.ClassNotFoundException: com.google.common.io.ByteStreams
	at java.net.URLClassLoader.findClass(URLClassLoader.java:387)
	at java.lang.ClassLoader.loadClass(ClassLoader.java:418)
	at sun.misc.Launcher$AppClassLoader.loadClass(Launcher.java:355)
	at java.lang.ClassLoader.loadClass(ClassLoader.java:351)
	... 33 more
... Removed 27 stack frames]]>
    </failure>
  </testcase> <!-- @BeforeTest launchApp -->
  <testcase name="@AfterTest closeApp" time="0.0" classname="ddtExample.BaseTest">
    <skipped/>
  </testcase> <!-- @AfterTest closeApp -->
  <testcase name="verifyLoginFeatureWithInValidUser" time="0.0" classname="ddtExample.NOPComm_LoginDDTExample">
    <skipped/>
  </testcase> <!-- verifyLoginFeatureWithInValidUser -->
  <testcase name="verifyLoginFeatureWithInValidUser" time="0.0" classname="ddtExample.NOPComm_LoginDDTExample">
    <skipped/>
  </testcase> <!-- verifyLoginFeatureWithInValidUser -->
  <testcase name="verifyLoginFeatureWithInValidUser" time="0.0" classname="ddtExample.NOPComm_LoginDDTExample">
    <skipped/>
  </testcase> <!-- verifyLoginFeatureWithInValidUser -->
  <testcase name="verifyLoginFeatureWithInValidUser" time="0.0" classname="ddtExample.NOPComm_LoginDDTExample">
    <skipped/>
  </testcase> <!-- verifyLoginFeatureWithInValidUser -->
</testsuite> <!-- Test -->
