<!DOCTYPE html PUBLIC "-//W3C//DTD XHTML 1.1//EN" "http://www.w3.org/TR/xhtml11/DTD/xhtml11.dtd">
<html xmlns="http://www.w3.org/1999/xhtml"><head><title>TestNG Report</title><style type="text/css">table {margin-bottom:10px;border-collapse:collapse;empty-cells:show}th,td {border:1px solid #009;padding:.25em .5em}th {vertical-align:bottom}td {vertical-align:top}table a {font-weight:bold}.stripe td {background-color: #E6EBF9}.num {text-align:right}.passedodd td {background-color: #3F3}.passedeven td {background-color: #0A0}.skippedodd td {background-color: #DDD}.skippedeven td {background-color: #CCC}.failedodd td,.attn {background-color: #F33}.failedeven td,.stripe .attn {background-color: #D00}.stacktrace {white-space:pre;font-family:monospace}.totop {font-size:85%;text-align:center;border-bottom:2px solid #000}</style></head><body><table><tr><th>Test</th><th># Passed</th><th># Skipped</th><th># Failed</th><th>Time (ms)</th><th>Included Groups</th><th>Excluded Groups</th></tr><tr><th colspan="7">Suite</th></tr><tr><td><a href="#t0">Test</a></td><td class="num">0</td><td class="num attn">4</td><td class="num">0</td><td class="num">187</td><td></td><td></td></tr></table><table><thead><tr><th>Class</th><th>Method</th><th>Start</th><th>Time (ms)</th></tr></thead><tbody><tr><th colspan="4">Suite</th></tr></tbody><tbody id="t0"><tr><th colspan="4">Test &#8212; failed (configuration methods)</th></tr><tr class="failedeven"><td rowspan="1">ddtExample.NOPComm_LoginDDTExample</td><td><a href="#m0">launchApp</a></td><td rowspan="1">1697778322296</td><td rowspan="1">0</td></tr><tr><th colspan="4">Test &#8212; skipped (configuration methods)</th></tr><tr class="skippedeven"><td rowspan="1">ddtExample.NOPComm_LoginDDTExample</td><td><a href="#m1">closeApp</a></td><td rowspan="1">1697778322483</td><td rowspan="1">0</td></tr><tr><th colspan="4">Test &#8212; skipped</th></tr><tr class="skippedeven"><td rowspan="4">ddtExample.NOPComm_LoginDDTExample</td><td><a href="#m2">verifyLoginFeatureWithInValidUser</a></td><td rowspan="4">1697778322483</td><td rowspan="4">0</td></tr><tr class="skippedeven"><td><a href="#m3">verifyLoginFeatureWithInValidUser</a></td></tr><tr class="skippedeven"><td><a href="#m4">verifyLoginFeatureWithInValidUser</a></td></tr><tr class="skippedeven"><td><a href="#m5">verifyLoginFeatureWithInValidUser</a></td></tr></tbody></table><h2>Test</h2><h3 id="m0">ddtExample.NOPComm_LoginDDTExample#launchApp</h3><table class="result"><tr><th>Exception</th></tr><tr><td><div class="stacktrace">java.lang.NoClassDefFoundError: com/google/common/io/ByteStreams
	at org.openqa.selenium.remote.service.DriverService$Builder.parseLogOutput(DriverService.java:472)
	at org.openqa.selenium.chrome.ChromeDriverService$Builder.loadSystemProperties(ChromeDriverService.java:257)
	at org.openqa.selenium.remote.service.DriverService$Builder.build(DriverService.java:495)
	at org.openqa.selenium.chrome.ChromeDriverService.createDefaultService(ChromeDriverService.java:137)
	at org.openqa.selenium.chrome.ChromeDriver.&lt;init&gt;(ChromeDriver.java:51)
	at ddtExample.BaseTest.launchApp(BaseTest.java:32)
Caused by: java.lang.ClassNotFoundException: com.google.common.io.ByteStreams
	at java.net.URLClassLoader.findClass(URLClassLoader.java:387)
	at java.lang.ClassLoader.loadClass(ClassLoader.java:418)
	at sun.misc.Launcher$AppClassLoader.loadClass(Launcher.java:355)
	at java.lang.ClassLoader.loadClass(ClassLoader.java:351)
	... 33 more
... Removed 27 stack frames</div></td></tr></table><p class="totop"><a href="#summary">back to summary</a></p><h3 id="m1">ddtExample.NOPComm_LoginDDTExample#closeApp</h3><table class="result"></table><p class="totop"><a href="#summary">back to summary</a></p><h3 id="m2">ddtExample.NOPComm_LoginDDTExample#verifyLoginFeatureWithInValidUser</h3><table class="result"><tr class="param"><th>Parameter #1</th><th>Parameter #2</th></tr><tr class="param stripe"><td>himaRegression@google.com</td><td>password</td></tr><tr><th colspan="2">Exception</th></tr><tr><td colspan="2"><div class="stacktrace">java.lang.NoClassDefFoundError: com/google/common/io/ByteStreams
	at org.openqa.selenium.remote.service.DriverService$Builder.parseLogOutput(DriverService.java:472)
	at org.openqa.selenium.chrome.ChromeDriverService$Builder.loadSystemProperties(ChromeDriverService.java:257)
	at org.openqa.selenium.remote.service.DriverService$Builder.build(DriverService.java:495)
	at org.openqa.selenium.chrome.ChromeDriverService.createDefaultService(ChromeDriverService.java:137)
	at org.openqa.selenium.chrome.ChromeDriver.&lt;init&gt;(ChromeDriver.java:51)
	at ddtExample.BaseTest.launchApp(BaseTest.java:32)
Caused by: java.lang.ClassNotFoundException: com.google.common.io.ByteStreams
	at java.net.URLClassLoader.findClass(URLClassLoader.java:387)
	at java.lang.ClassLoader.loadClass(ClassLoader.java:418)
	at sun.misc.Launcher$AppClassLoader.loadClass(Launcher.java:355)
	at java.lang.ClassLoader.loadClass(ClassLoader.java:351)
	... 33 more
... Removed 27 stack frames</div></td></tr></table><p class="totop"><a href="#summary">back to summary</a></p><h3 id="m3">ddtExample.NOPComm_LoginDDTExample#verifyLoginFeatureWithInValidUser</h3><table class="result"><tr class="param"><th>Parameter #1</th><th>Parameter #2</th></tr><tr class="param stripe"><td>komalRegression@gmail.com</td><td>password1</td></tr><tr><th colspan="2">Exception</th></tr><tr><td colspan="2"><div class="stacktrace">java.lang.NoClassDefFoundError: com/google/common/io/ByteStreams
	at org.openqa.selenium.remote.service.DriverService$Builder.parseLogOutput(DriverService.java:472)
	at org.openqa.selenium.chrome.ChromeDriverService$Builder.loadSystemProperties(ChromeDriverService.java:257)
	at org.openqa.selenium.remote.service.DriverService$Builder.build(DriverService.java:495)
	at org.openqa.selenium.chrome.ChromeDriverService.createDefaultService(ChromeDriverService.java:137)
	at org.openqa.selenium.chrome.ChromeDriver.&lt;init&gt;(ChromeDriver.java:51)
	at ddtExample.BaseTest.launchApp(BaseTest.java:32)
Caused by: java.lang.ClassNotFoundException: com.google.common.io.ByteStreams
	at java.net.URLClassLoader.findClass(URLClassLoader.java:387)
	at java.lang.ClassLoader.loadClass(ClassLoader.java:418)
	at sun.misc.Launcher$AppClassLoader.loadClass(Launcher.java:355)
	at java.lang.ClassLoader.loadClass(ClassLoader.java:351)
	... 33 more
... Removed 27 stack frames</div></td></tr></table><p class="totop"><a href="#summary">back to summary</a></p><h3 id="m4">ddtExample.NOPComm_LoginDDTExample#verifyLoginFeatureWithInValidUser</h3><table class="result"><tr class="param"><th>Parameter #1</th><th>Parameter #2</th></tr><tr class="param stripe"><td>ShwetaRegression@yahoo.com</td><td>testpass</td></tr><tr><th colspan="2">Exception</th></tr><tr><td colspan="2"><div class="stacktrace">java.lang.NoClassDefFoundError: com/google/common/io/ByteStreams
	at org.openqa.selenium.remote.service.DriverService$Builder.parseLogOutput(DriverService.java:472)
	at org.openqa.selenium.chrome.ChromeDriverService$Builder.loadSystemProperties(ChromeDriverService.java:257)
	at org.openqa.selenium.remote.service.DriverService$Builder.build(DriverService.java:495)
	at org.openqa.selenium.chrome.ChromeDriverService.createDefaultService(ChromeDriverService.java:137)
	at org.openqa.selenium.chrome.ChromeDriver.&lt;init&gt;(ChromeDriver.java:51)
	at ddtExample.BaseTest.launchApp(BaseTest.java:32)
Caused by: java.lang.ClassNotFoundException: com.google.common.io.ByteStreams
	at java.net.URLClassLoader.findClass(URLClassLoader.java:387)
	at java.lang.ClassLoader.loadClass(ClassLoader.java:418)
	at sun.misc.Launcher$AppClassLoader.loadClass(Launcher.java:355)
	at java.lang.ClassLoader.loadClass(ClassLoader.java:351)
	... 33 more
... Removed 27 stack frames</div></td></tr></table><p class="totop"><a href="#summary">back to summary</a></p><h3 id="m5">ddtExample.NOPComm_LoginDDTExample#verifyLoginFeatureWithInValidUser</h3><table class="result"><tr class="param"><th>Parameter #1</th><th>Parameter #2</th></tr><tr class="param stripe"><td>RisabRegression@yahoo.com</td><td>testpass</td></tr><tr><th colspan="2">Exception</th></tr><tr><td colspan="2"><div class="stacktrace">java.lang.NoClassDefFoundError: com/google/common/io/ByteStreams
	at org.openqa.selenium.remote.service.DriverService$Builder.parseLogOutput(DriverService.java:472)
	at org.openqa.selenium.chrome.ChromeDriverService$Builder.loadSystemProperties(ChromeDriverService.java:257)
	at org.openqa.selenium.remote.service.DriverService$Builder.build(DriverService.java:495)
	at org.openqa.selenium.chrome.ChromeDriverService.createDefaultService(ChromeDriverService.java:137)
	at org.openqa.selenium.chrome.ChromeDriver.&lt;init&gt;(ChromeDriver.java:51)
	at ddtExample.BaseTest.launchApp(BaseTest.java:32)
Caused by: java.lang.ClassNotFoundException: com.google.common.io.ByteStreams
	at java.net.URLClassLoader.findClass(URLClassLoader.java:387)
	at java.lang.ClassLoader.loadClass(ClassLoader.java:418)
	at sun.misc.Launcher$AppClassLoader.loadClass(Launcher.java:355)
	at java.lang.ClassLoader.loadClass(ClassLoader.java:351)
	... 33 more
... Removed 27 stack frames</div></td></tr></table><p class="totop"><a href="#summary">back to summary</a></p></body></html>